<?xml version="1.0" encoding="UTF-8"?>
<!-- Generated by org.testng.reporters.JUnitReportReporter -->
<testsuite hostname="DESKTOP-7HVIMRE" failures="0" tests="1" name="demoAPI.GetMethodAutomation" time="3.509" errors="0" timestamp="2022-04-16T18:59:09 IST" skipped="0">
  <testcase classname="demoAPI.GetMethodAutomation" name="getHttpMethod" time="3.509"/>
  <system-out/>
</testsuite> <!-- demoAPI.GetMethodAutomation -->
