<?xml version="1.0" encoding="UTF-8"?>
<!-- Generated by org.testng.reporters.JUnitReportReporter -->
<testsuite hostname="DESKTOP-7HVIMRE" failures="0" tests="1" name="demoAPI.HttpPatchMethod" time="3.414" errors="0" timestamp="2022-04-16T19:40:20 IST" skipped="0">
  <testcase classname="demoAPI.HttpPatchMethod" name="PatchmethodAutomatin" time="3.414"/>
  <system-out/>
</testsuite> <!-- demoAPI.HttpPatchMethod -->
