<?xml version="1.0" encoding="UTF-8"?>
<!-- Generated by org.testng.reporters.JUnitReportReporter -->
<testsuite hostname="DESKTOP-7HVIMRE" failures="0" tests="1" name="demoAPI.HttpPutMethod" time="3.499" errors="0" timestamp="2022-04-16T19:29:50 IST" skipped="0">
  <testcase classname="demoAPI.HttpPutMethod" name="PutMethodAutomatin" time="3.499"/>
  <system-out/>
</testsuite> <!-- demoAPI.HttpPutMethod -->
