<?xml version="1.0" encoding="UTF-8"?>
<!-- Generated by org.testng.reporters.JUnitReportReporter -->
<testsuite hostname="DESKTOP-7HVIMRE" failures="0" tests="1" name="demoAPI.HttpDeleteMethod" time="3.280" errors="0" timestamp="2022-04-16T21:58:48 IST" skipped="0">
  <testcase classname="demoAPI.HttpDeleteMethod" name="DeleteMethodAutomation" time="3.280"/>
  <system-out/>
</testsuite> <!-- demoAPI.HttpDeleteMethod -->
